\BOOKMARK [0][-]{chapter*.3}{\376\377\000F\000i\000s\000i\000c\000a\000\040\000n\000u\000c\000l\000e\000a\000r\000e}{}% 1
\BOOKMARK [1][-]{section*.4}{\376\377\000L\000e\000\040\000u\000n\000i\000t\000\340\000\040\000d\000i\000\040\000m\000i\000s\000u\000r\000a\000\040\000d\000e\000l\000l\000a\000\040\000F\000i\000s\000i\000c\000a\000\040\000N\000u\000c\000l\000e\000a\000r\000e\000\040\000e\000\040\000S\000u\000b\000n\000u\000c\000l\000e\000a\000r\000e}{chapter*.3}% 2
\BOOKMARK [1][-]{section*.5}{\376\377\000L\000e\000\040\000p\000r\000o\000p\000r\000i\000e\000t\000\340\000\040\000g\000e\000n\000e\000r\000a\000l\000i\000\040\000d\000e\000i\000\040\000n\000u\000c\000l\000e\000i}{chapter*.3}% 3
\BOOKMARK [1][-]{section*.6}{\376\377\000L\000a\000\040\000d\000i\000f\000f\000e\000r\000e\000n\000z\000a\000\040\000d\000i\000\040\000m\000a\000s\000s\000a\000\040\000t\000r\000a\000\040\000n\000e\000u\000t\000r\000o\000n\000e\000\040\000e\000\040\000p\000r\000o\000t\000o\000n\000e}{chapter*.3}% 4
\BOOKMARK [1][-]{section*.7}{\376\377\000L\000e\000\040\000c\000a\000r\000t\000e\000\040\000d\000e\000i\000\040\000n\000u\000c\000l\000i\000d\000i}{chapter*.3}% 5
\BOOKMARK [0][-]{chapter*.8}{\376\377\000L\000o\000\040\000s\000t\000u\000d\000i\000o\000\040\000d\000e\000l\000\040\000n\000u\000c\000l\000e\000o}{}% 6
\BOOKMARK [1][-]{section*.9}{\376\377\000L\000a\000\040\000s\000e\000z\000i\000o\000n\000e\000\040\000d\000'\000u\000r\000t\000o}{chapter*.8}% 7
\BOOKMARK [1][-]{section*.10}{\376\377\000C\000a\000l\000c\000o\000l\000i\000\040\000d\000i\000\040\000s\000e\000z\000i\000o\000n\000i\000\040\000d\000'\000u\000r\000t\000o}{chapter*.8}% 8
\BOOKMARK [1][-]{section*.11}{\376\377\000L\000e\000\040\000p\000r\000o\000p\000r\000i\000e\000t\000\340\000\040\000o\000n\000d\000u\000l\000a\000t\000o\000r\000i\000e\000\040\000d\000e\000l\000l\000e\000\040\000p\000a\000r\000t\000i\000c\000e\000l\000l\000e\000\040\000m\000i\000c\000r\000o\000s\000c\000o\000p\000i\000c\000h\000e}{chapter*.8}% 9
\BOOKMARK [1][-]{section*.12}{\376\377\000T\000e\000o\000r\000i\000a\000\040\000d\000e\000l\000l\000a\000\040\000d\000i\000f\000f\000r\000a\000z\000i\000o\000n\000e\000\040\000d\000i\000\040\000K\000i\000r\000c\000h\000o\000f\000f}{chapter*.8}% 10
\BOOKMARK [1][-]{section*.13}{\376\377\000L\000e\000\040\000s\000e\000z\000i\000o\000n\000i\000\040\000d\000'\000u\000r\000t\000o\000\040\000i\000n\000\040\000m\000e\000c\000c\000a\000n\000i\000c\000a\000\040\000q\000u\000a\000n\000t\000i\000s\000t\000i\000c\000a}{chapter*.8}% 11
\BOOKMARK [1][-]{section*.14}{\376\377\000D\000i\000f\000f\000r\000a\000z\000i\000o\000n\000e\000\040\000d\000i\000\040\000u\000n\000\040\000d\000i\000s\000c\000o\000\040\000a\000s\000s\000o\000r\000b\000e\000n\000t\000e}{chapter*.8}% 12
\BOOKMARK [1][-]{section*.15}{\376\377\000I\000l\000\040\000r\000a\000g\000g\000i\000o\000\040\000n\000u\000c\000l\000e\000a\000r\000e}{chapter*.8}% 13
\BOOKMARK [1][-]{section*.16}{\376\377\000E\000n\000e\000r\000g\000i\000a\000\040\000d\000i\000\040\000l\000e\000g\000a\000m\000e\000\040\000n\000u\000c\000l\000e\000a\000r\000e}{chapter*.8}% 14
\BOOKMARK [0][-]{chapter*.17}{\376\377\000I\000\040\000p\000r\000i\000m\000i\000\040\000m\000o\000d\000e\000l\000l\000i\000\040\000n\000u\000c\000l\000e\000a\000r\000i}{}% 15
\BOOKMARK [1][-]{section*.19}{\376\377\000O\000s\000s\000e\000r\000v\000a\000b\000i\000l\000i\000\040\000e\000\040\000v\000a\000l\000o\000r\000i\000\040\000d\000i\000\040\000a\000s\000p\000e\000t\000t\000a\000z\000i\000o\000n\000e}{chapter*.17}% 16
\BOOKMARK [1][-]{section*.20}{\376\377\000D\000e\000f\000i\000n\000i\000z\000i\000o\000n\000e\000\040\000e\000d\000\040\000i\000n\000d\000e\000f\000i\000n\000i\000z\000i\000o\000n\000e\000\040\000d\000e\000l\000l\000e\000\040\000o\000s\000s\000e\000r\000v\000a\000b\000i\000l\000i}{chapter*.17}% 17
\BOOKMARK [1][-]{section*.21}{\376\377\000M\000o\000m\000e\000n\000t\000o\000\040\000a\000n\000g\000o\000l\000a\000r\000e\000\040\000o\000r\000b\000i\000t\000a\000l\000e}{chapter*.17}% 18
\BOOKMARK [1][-]{section*.22}{\376\377\000M\000o\000m\000e\000n\000t\000o\000\040\000a\000n\000g\000o\000l\000a\000r\000e\000\040\000i\000n\000t\000r\000i\000n\000s\000e\000c\000o\000\040\000o\000\040\000s\000p\000i\000n}{chapter*.17}% 19
\BOOKMARK [1][-]{section*.23}{\376\377\000L\000a\000\040\000s\000o\000m\000m\000a\000\040\000d\000e\000i\000\040\000m\000o\000m\000e\000n\000t\000i\000\040\000a\000n\000g\000o\000l\000a\000r\000i}{chapter*.17}% 20
\BOOKMARK [1][-]{section*.24}{\376\377\000S\000t\000a\000t\000i\000\040\000q\000u\000a\000n\000t\000o\000m\000e\000c\000c\000a\000n\000i\000c\000i\000\040\000d\000i\000\040\000d\000u\000e\000\040\000p\000a\000r\000t\000i\000c\000e\000l\000l\000e\000\040\000i\000d\000e\000n\000t\000i\000c\000h\000e}{chapter*.17}% 21
\BOOKMARK [0][-]{chapter*.25}{\376\377\000A\000p\000p\000e\000n\000d\000i\000c\000i}{}% 22
\BOOKMARK [0][-]{chapter*.26}{\376\377\000I\000n\000d\000i\000c\000e\000\040\000a\000n\000a\000l\000i\000t\000i\000c\000o}{}% 23
